{"/Users/lbowei/Desktop/HerbariumMap/HerbariumMap-server/app.js": {"path":"/Users/lbowei/Desktop/HerbariumMap/HerbariumMap-server/app.js","statementMap":{"0":{"start":{"line":2,"column":16},"end":{"line":2,"column":34}},"1":{"start":{"line":3,"column":13},"end":{"line":3,"column":28}},"2":{"start":{"line":4,"column":17},"end":{"line":4,"column":36}},"3":{"start":{"line":8,"column":12},"end":{"line":8,"column":21}},"4":{"start":{"line":9,"column":13},"end":{"line":9,"column":37}},"5":{"start":{"line":11,"column":0},"end":{"line":11,"column":16}},"6":{"start":{"line":12,"column":0},"end":{"line":12,"column":24}},"7":{"start":{"line":16,"column":2},"end":{"line":16,"column":109}},"8":{"start":{"line":19,"column":0},"end":{"line":19,"column":71}},"9":{"start":{"line":20,"column":19},"end":{"line":20,"column":38}},"10":{"start":{"line":22,"column":0},"end":{"line":24,"column":3}},"11":{"start":{"line":23,"column":2},"end":{"line":23,"column":51}},"12":{"start":{"line":27,"column":24},"end":{"line":27,"column":58}},"13":{"start":{"line":28,"column":21},"end":{"line":28,"column":52}},"14":{"start":{"line":30,"column":0},"end":{"line":30,"column":39}},"15":{"start":{"line":31,"column":0},"end":{"line":31,"column":33}},"16":{"start":{"line":36,"column":0},"end":{"line":38,"column":3}},"17":{"start":{"line":37,"column":2},"end":{"line":37,"column":39}},"18":{"start":{"line":41,"column":0},"end":{"line":41,"column":20}}},"fnMap":{"0":{"name":"(anonymous_0)","decl":{"start":{"line":22,"column":24},"end":{"line":22,"column":25}},"loc":{"start":{"line":22,"column":30},"end":{"line":24,"column":1}},"line":22},"1":{"name":"(anonymous_1)","decl":{"start":{"line":36,"column":17},"end":{"line":36,"column":18}},"loc":{"start":{"line":36,"column":23},"end":{"line":38,"column":1}},"line":36}},"branchMap":{"0":{"loc":{"start":{"line":9,"column":13},"end":{"line":9,"column":37}},"type":"binary-expr","locations":[{"start":{"line":9,"column":13},"end":{"line":9,"column":29}},{"start":{"line":9,"column":33},"end":{"line":9,"column":37}}],"line":9}},"s":{"0":1,"1":1,"2":1,"3":1,"4":1,"5":1,"6":1,"7":1,"8":1,"9":1,"10":1,"11":1,"12":1,"13":1,"14":1,"15":1,"16":1,"17":1,"18":1},"f":{"0":1,"1":1},"b":{"0":[1,1]},"_coverageSchema":"1a1c01bbd47fc00a2c39e90264f33305004495a9","hash":"167fed0dfb7321979074ff5a53284b9cd2e2858e"}
,"/Users/lbowei/Desktop/HerbariumMap/HerbariumMap-server/models/access.model.js": {"path":"/Users/lbowei/Desktop/HerbariumMap/HerbariumMap-server/models/access.model.js","statementMap":{"0":{"start":{"line":1,"column":17},"end":{"line":1,"column":36}},"1":{"start":{"line":2,"column":15},"end":{"line":2,"column":30}},"2":{"start":{"line":12,"column":21},"end":{"line":34,"column":1}},"3":{"start":{"line":36,"column":15},"end":{"line":36,"column":53}},"4":{"start":{"line":37,"column":0},"end":{"line":37,"column":24}}},"fnMap":{},"branchMap":{},"s":{"0":1,"1":1,"2":1,"3":1,"4":1},"f":{},"b":{},"_coverageSchema":"1a1c01bbd47fc00a2c39e90264f33305004495a9","hash":"88d8fe9aea1bd5c48a95a7710c0befe26cac1f43"}
,"/Users/lbowei/Desktop/HerbariumMap/HerbariumMap-server/models/herbarium.model.js": {"path":"/Users/lbowei/Desktop/HerbariumMap/HerbariumMap-server/models/herbarium.model.js","statementMap":{"0":{"start":{"line":1,"column":17},"end":{"line":1,"column":36}},"1":{"start":{"line":2,"column":15},"end":{"line":2,"column":30}},"2":{"start":{"line":4,"column":24},"end":{"line":53,"column":2}},"3":{"start":{"line":55,"column":18},"end":{"line":55,"column":62}},"4":{"start":{"line":56,"column":0},"end":{"line":56,"column":27}}},"fnMap":{},"branchMap":{},"s":{"0":1,"1":1,"2":1,"3":1,"4":1},"f":{},"b":{},"_coverageSchema":"1a1c01bbd47fc00a2c39e90264f33305004495a9","hash":"5f133ae563c959685ea93a79a6064de7a477344a"}
,"/Users/lbowei/Desktop/HerbariumMap/HerbariumMap-server/routes/accessRoute.js": {"path":"/Users/lbowei/Desktop/HerbariumMap/HerbariumMap-server/routes/accessRoute.js","statementMap":{"0":{"start":{"line":1,"column":15},"end":{"line":1,"column":42}},"1":{"start":{"line":2,"column":13},"end":{"line":2,"column":46}},"2":{"start":{"line":3,"column":16},"end":{"line":3,"column":52}},"3":{"start":{"line":6,"column":0},"end":{"line":10,"column":3}},"4":{"start":{"line":7,"column":2},"end":{"line":9,"column":59}},"5":{"start":{"line":8,"column":22},"end":{"line":8,"column":38}},"6":{"start":{"line":9,"column":20},"end":{"line":9,"column":57}},"7":{"start":{"line":33,"column":0},"end":{"line":55,"column":3}},"8":{"start":{"line":34,"column":22},"end":{"line":34,"column":42}},"9":{"start":{"line":35,"column":15},"end":{"line":35,"column":28}},"10":{"start":{"line":36,"column":19},"end":{"line":36,"column":36}},"11":{"start":{"line":37,"column":20},"end":{"line":37,"column":38}},"12":{"start":{"line":39,"column":20},"end":{"line":44,"column":4}},"13":{"start":{"line":46,"column":2},"end":{"line":54,"column":5}},"14":{"start":{"line":47,"column":4},"end":{"line":49,"column":5}},"15":{"start":{"line":48,"column":6},"end":{"line":48,"column":20}},"16":{"start":{"line":50,"column":4},"end":{"line":53,"column":7}},"17":{"start":{"line":57,"column":0},"end":{"line":57,"column":24}}},"fnMap":{"0":{"name":"(anonymous_0)","decl":{"start":{"line":6,"column":22},"end":{"line":6,"column":23}},"loc":{"start":{"line":6,"column":36},"end":{"line":10,"column":1}},"line":6},"1":{"name":"(anonymous_1)","decl":{"start":{"line":8,"column":10},"end":{"line":8,"column":11}},"loc":{"start":{"line":8,"column":22},"end":{"line":8,"column":38}},"line":8},"2":{"name":"(anonymous_2)","decl":{"start":{"line":9,"column":11},"end":{"line":9,"column":12}},"loc":{"start":{"line":9,"column":20},"end":{"line":9,"column":57}},"line":9},"3":{"name":"(anonymous_3)","decl":{"start":{"line":33,"column":26},"end":{"line":33,"column":27}},"loc":{"start":{"line":33,"column":40},"end":{"line":55,"column":1}},"line":33},"4":{"name":"(anonymous_4)","decl":{"start":{"line":46,"column":17},"end":{"line":46,"column":18}},"loc":{"start":{"line":46,"column":31},"end":{"line":54,"column":3}},"line":46}},"branchMap":{"0":{"loc":{"start":{"line":47,"column":4},"end":{"line":49,"column":5}},"type":"if","locations":[{"start":{"line":47,"column":4},"end":{"line":49,"column":5}},{"start":{"line":47,"column":4},"end":{"line":49,"column":5}}],"line":47}},"s":{"0":1,"1":1,"2":1,"3":1,"4":1,"5":1,"6":0,"7":1,"8":1,"9":1,"10":1,"11":1,"12":1,"13":1,"14":1,"15":0,"16":1,"17":1},"f":{"0":1,"1":1,"2":0,"3":1,"4":1},"b":{"0":[0,1]},"_coverageSchema":"1a1c01bbd47fc00a2c39e90264f33305004495a9","hash":"9332aae61dcb4994c15392ca8b2886f5fce0aa9c"}
,"/Users/lbowei/Desktop/HerbariumMap/HerbariumMap-server/routes/herbariumRoute.js": {"path":"/Users/lbowei/Desktop/HerbariumMap/HerbariumMap-server/routes/herbariumRoute.js","statementMap":{"0":{"start":{"line":1,"column":15},"end":{"line":1,"column":42}},"1":{"start":{"line":2,"column":16},"end":{"line":2,"column":52}},"2":{"start":{"line":5,"column":0},"end":{"line":9,"column":3}},"3":{"start":{"line":6,"column":2},"end":{"line":8,"column":59}},"4":{"start":{"line":7,"column":26},"end":{"line":7,"column":46}},"5":{"start":{"line":8,"column":20},"end":{"line":8,"column":57}},"6":{"start":{"line":12,"column":0},"end":{"line":48,"column":3}},"7":{"start":{"line":13,"column":16},"end":{"line":13,"column":30}},"8":{"start":{"line":14,"column":26},"end":{"line":14,"column":50}},"9":{"start":{"line":15,"column":27},"end":{"line":15,"column":52}},"10":{"start":{"line":16,"column":24},"end":{"line":16,"column":46}},"11":{"start":{"line":17,"column":21},"end":{"line":17,"column":40}},"12":{"start":{"line":18,"column":23},"end":{"line":18,"column":44}},"13":{"start":{"line":19,"column":20},"end":{"line":19,"column":38}},"14":{"start":{"line":20,"column":18},"end":{"line":20,"column":34}},"15":{"start":{"line":21,"column":24},"end":{"line":21,"column":46}},"16":{"start":{"line":22,"column":17},"end":{"line":22,"column":32}},"17":{"start":{"line":23,"column":17},"end":{"line":23,"column":32}},"18":{"start":{"line":25,"column":23},"end":{"line":37,"column":4}},"19":{"start":{"line":39,"column":2},"end":{"line":47,"column":5}},"20":{"start":{"line":40,"column":4},"end":{"line":42,"column":5}},"21":{"start":{"line":41,"column":6},"end":{"line":41,"column":20}},"22":{"start":{"line":43,"column":4},"end":{"line":46,"column":7}},"23":{"start":{"line":50,"column":0},"end":{"line":50,"column":24}}},"fnMap":{"0":{"name":"(anonymous_0)","decl":{"start":{"line":5,"column":22},"end":{"line":5,"column":23}},"loc":{"start":{"line":5,"column":36},"end":{"line":9,"column":1}},"line":5},"1":{"name":"(anonymous_1)","decl":{"start":{"line":7,"column":10},"end":{"line":7,"column":11}},"loc":{"start":{"line":7,"column":26},"end":{"line":7,"column":46}},"line":7},"2":{"name":"(anonymous_2)","decl":{"start":{"line":8,"column":11},"end":{"line":8,"column":12}},"loc":{"start":{"line":8,"column":20},"end":{"line":8,"column":57}},"line":8},"3":{"name":"(anonymous_3)","decl":{"start":{"line":12,"column":26},"end":{"line":12,"column":27}},"loc":{"start":{"line":12,"column":40},"end":{"line":48,"column":1}},"line":12},"4":{"name":"(anonymous_4)","decl":{"start":{"line":39,"column":20},"end":{"line":39,"column":21}},"loc":{"start":{"line":39,"column":34},"end":{"line":47,"column":3}},"line":39}},"branchMap":{"0":{"loc":{"start":{"line":40,"column":4},"end":{"line":42,"column":5}},"type":"if","locations":[{"start":{"line":40,"column":4},"end":{"line":42,"column":5}},{"start":{"line":40,"column":4},"end":{"line":42,"column":5}}],"line":40}},"s":{"0":1,"1":1,"2":1,"3":1,"4":1,"5":0,"6":1,"7":1,"8":1,"9":1,"10":1,"11":1,"12":1,"13":1,"14":1,"15":1,"16":1,"17":1,"18":1,"19":1,"20":1,"21":0,"22":1,"23":1},"f":{"0":1,"1":1,"2":0,"3":1,"4":1},"b":{"0":[0,1]},"_coverageSchema":"1a1c01bbd47fc00a2c39e90264f33305004495a9","hash":"430aa7fb58b7d81a49846c7e5566692e20d06606"}
}
